TIC 302158899
fits size (2078, 2136)
TIC 197518398
TIC 285977476
fits size (2078, 2136)
fits size (2078, 2136)
fits size (2078, 2136)
TIC 427265370
TIC 20766996
fits size (2078, 2136)
TIC 414587194
fits size (2078, 2136)
fits size (2078, 2136)
fits size (2078, 2136)
TIC 166647552
fits size (2078, 2136)
TIC 436760421
TIC 264193199
fits size (2078, 2136)
fits size (2078, 2136)
fits size (2078, 2136)
fits size (2078, 2136)
fits size (2078, 2136)
fits size (2078, 2136)
TIC 188667494
fits size (2078, 2136)
fits size (2078, 2136)
fits size (2078, 2136)
fits size (2078, 2136)
TIC 416282324
fits size (2078, 2136)
fits size (2078, 2136)
fits size (2078, 2136)
fits size (2078, 2136)
fits size (2078, 2136)
TIC 148785509
fits size (2078, 2136)
TIC 252939881
fits size (2078, 2136)
fits size (2078, 2136)
TIC 275266594
fits size (2078, 2136)
TIC 233625790
fits size (2078, 2136)
fits size (2078, 2136)
fits size (2078, 2136)
fits size (2078, 2136)
fits size (2078, 2136)
fits size (2078, 2136)
fits size (2078, 2136)
fits size (2078, 2136)
fits size (2078, 2136)
fits size (2078, 2136)
fits size (2078, 2136)
fits size (2078, 2136)
fits size (2078, 2136)
fits size (2078, 2136)
fits size (2078, 2136)
TIC 85522882
fits size (2078, 2136)
TIC 405415381
fits size (2078, 2136)
fits size (2078, 2136)
fits size (2078, 2136)
fits size (2078, 2136)
TIC 436883712
TIC 332695744
fits size (2078, 2136)
fits size (2078, 2136)
TIC 282256298
TIC 404468599
fits size (2078, 2136)
TIC 23770592
